<?xml version="1.0" encoding="UTF-8"?>
<!-- Generated by org.testng.reporters.JUnitXMLReporter -->
<testsuite ignored="0" hostname="LAPTOP-DG8G23UU" failures="1" tests="6" name="Booking" time="36.589" errors="0" timestamp="2024-05-25T11:02:25 IST">
  <testcase classname="prashantbhakuni.Test.AppointmentBookingTestCases" name="bookingFive" time="3.768"/>
  <testcase classname="prashantbhakuni.Test.AppointmentBookingTestCases" name="bookingFour" time="2.817"/>
  <testcase classname="prashantbhakuni.Test.AppointmentBookingTestCases" name="bookingOne" time="1.76"/>
  <testcase classname="prashantbhakuni.Test.AppointmentBookingTestCases" name="bookingSix" time="1.667">
    <failure type="java.lang.AssertionError" message="expected [Please select a valid date] but found [Appointment Confirmation]">
      <![CDATA[java.lang.AssertionError: expected [Please select a valid date] but found [Appointment Confirmation]
at prashantbhakuni.Test.AppointmentBookingTestCases.bookingSix(AppointmentBookingTestCases.java:199)
at java.base/java.util.ArrayList.forEach(ArrayList.java:1511)
at java.base/java.util.concurrent.FutureTask.run(FutureTask.java:264)
at java.base/java.util.concurrent.ThreadPoolExecutor.runWorker(ThreadPoolExecutor.java:1136)
at java.base/java.util.concurrent.ThreadPoolExecutor$Worker.run(ThreadPoolExecutor.java:635)
at java.base/java.lang.Thread.run(Thread.java:840)
... Removed 23 stack frames]]>
    </failure>
  </testcase> <!-- bookingSix -->
  <testcase classname="prashantbhakuni.Test.AppointmentBookingTestCases" name="bookingThree" time="1.728"/>
  <testcase classname="prashantbhakuni.Test.AppointmentBookingTestCases" name="bookingTwo" time="1.948"/>
</testsuite> <!-- Booking -->
